<?xml version="1.0" encoding="UTF-8"?>
<coverage generated="1666560446294" clover="3.2.0">
  <project timestamp="1666560446294" name="All files">
    <metrics statements="101" coveredstatements="69" conditionals="36" coveredconditionals="12" methods="33" coveredmethods="16" elements="170" coveredelements="97" complexity="0" loc="101" ncloc="101" packages="3" files="5" classes="5"/>
    <package name="main">
      <metrics statements="22" coveredstatements="0" conditionals="20" coveredconditionals="0" methods="10" coveredmethods="0"/>
      <file name="main.tsx" path="/Users/littlehongman/Desktop/Rice/531/hw5-littlehongman/src/main/main.tsx">
        <metrics statements="22" coveredstatements="0" conditionals="20" coveredconditionals="0" methods="10" coveredmethods="0"/>
        <line num="14" count="0" type="stmt"/>
        <line num="15" count="0" type="stmt"/>
        <line num="16" count="0" type="stmt"/>
        <line num="18" count="0" type="stmt"/>
        <line num="19" count="0" type="cond" truecount="0" falsecount="2"/>
        <line num="20" count="0" type="stmt"/>
        <line num="22" count="0" type="stmt"/>
        <line num="25" count="0" type="stmt"/>
        <line num="28" count="0" type="cond" truecount="0" falsecount="2"/>
        <line num="31" count="0" type="stmt"/>
        <line num="32" count="0" type="cond" truecount="0" falsecount="2"/>
        <line num="34" count="0" type="stmt"/>
        <line num="36" count="0" type="stmt"/>
        <line num="39" count="0" type="stmt"/>
        <line num="42" count="0" type="stmt"/>
        <line num="43" count="0" type="stmt"/>
        <line num="45" count="0" type="stmt"/>
        <line num="48" count="0" type="cond" truecount="0" falsecount="2"/>
        <line num="49" count="0" type="stmt"/>
        <line num="53" count="0" type="stmt"/>
        <line num="55" count="0" type="stmt"/>
        <line num="59" count="0" type="stmt"/>
      </file>
    </package>
    <package name="store">
      <metrics statements="77" coveredstatements="67" conditionals="16" coveredconditionals="12" methods="22" coveredmethods="15"/>
      <file name="actions.ts" path="/Users/littlehongman/Desktop/Rice/531/hw5-littlehongman/src/store/actions.ts">
        <metrics statements="20" coveredstatements="20" conditionals="0" coveredconditionals="0" methods="10" coveredmethods="5"/>
        <line num="4" count="1" type="stmt"/>
        <line num="5" count="1" type="stmt"/>
        <line num="6" count="1" type="stmt"/>
        <line num="7" count="1" type="stmt"/>
        <line num="8" count="1" type="stmt"/>
        <line num="9" count="1" type="stmt"/>
        <line num="10" count="1" type="stmt"/>
        <line num="11" count="1" type="stmt"/>
        <line num="12" count="1" type="stmt"/>
        <line num="14" count="1" type="stmt"/>
        <line num="32" count="1" type="stmt"/>
        <line num="37" count="7" type="stmt"/>
        <line num="42" count="1" type="stmt"/>
        <line num="46" count="7" type="stmt"/>
        <line num="51" count="1" type="stmt"/>
        <line num="56" count="3" type="stmt"/>
        <line num="61" count="5" type="stmt"/>
        <line num="66" count="1" type="stmt"/>
        <line num="70" count="1" type="stmt"/>
        <line num="75" count="1" type="stmt"/>
      </file>
      <file name="store.ts" path="/Users/littlehongman/Desktop/Rice/531/hw5-littlehongman/src/store/store.ts">
        <metrics statements="57" coveredstatements="47" conditionals="16" coveredconditionals="12" methods="12" coveredmethods="10"/>
        <line num="17" count="1" type="stmt"/>
        <line num="18" count="300" type="stmt"/>
        <line num="21" count="1" type="stmt"/>
        <line num="22" count="3" type="stmt"/>
        <line num="24" count="3" type="stmt"/>
        <line num="25" count="300" type="stmt"/>
        <line num="34" count="300" type="stmt"/>
        <line num="38" count="3" type="stmt"/>
        <line num="41" count="1" type="stmt"/>
        <line num="42" count="10" type="cond" truecount="1" falsecount="1"/>
        <line num="43" count="10" type="stmt"/>
        <line num="45" count="10" type="stmt"/>
        <line num="46" count="100" type="stmt"/>
        <line num="60" count="100" type="stmt"/>
        <line num="63" count="10" type="stmt"/>
        <line num="66" count="0" type="stmt"/>
        <line num="70" count="1" type="stmt"/>
        <line num="71" count="7" type="cond" truecount="4" falsecount="0"/>
        <line num="72" count="1" type="stmt"/>
        <line num="75" count="6" type="stmt"/>
        <line num="76" count="6" type="stmt"/>
        <line num="77" count="6" type="stmt"/>
        <line num="79" count="6" type="stmt"/>
        <line num="84" count="1" type="stmt"/>
        <line num="85" count="0" type="stmt"/>
        <line num="87" count="0" type="stmt"/>
        <line num="89" count="0" type="stmt"/>
        <line num="102" count="1" type="stmt"/>
        <line num="103" count="3" type="stmt"/>
        <line num="104" count="1602" type="stmt"/>
        <line num="106" count="3" type="stmt"/>
        <line num="107" count="30" type="stmt"/>
        <line num="110" count="3" type="stmt"/>
        <line num="111" count="300" type="stmt"/>
        <line num="113" count="3" type="stmt"/>
        <line num="115" count="3" type="stmt"/>
        <line num="118" count="1" type="stmt"/>
        <line num="119" count="0" type="stmt"/>
        <line num="120" count="0" type="stmt"/>
        <line num="122" count="0" type="stmt"/>
        <line num="145" count="26" type="cond" truecount="6" falsecount="3"/>
        <line num="147" count="0" type="stmt"/>
        <line num="154" count="7" type="stmt"/>
        <line num="160" count="1" type="stmt"/>
        <line num="166" count="7" type="stmt"/>
        <line num="173" count="0" type="stmt"/>
        <line num="181" count="3" type="stmt"/>
        <line num="184" count="3" type="stmt"/>
        <line num="193" count="5" type="stmt"/>
        <line num="195" count="5" type="stmt"/>
        <line num="197" count="500" type="stmt"/>
        <line num="201" count="0" type="stmt"/>
        <line num="218" count="3" type="stmt"/>
        <line num="225" count="1" type="stmt"/>
        <line num="230" count="1" type="stmt"/>
        <line num="232" count="1" type="stmt"/>
        <line num="238" count="1" type="stmt"/>
      </file>
      <file name="types.ts" path="/Users/littlehongman/Desktop/Rice/531/hw5-littlehongman/src/store/types.ts">
        <metrics statements="0" coveredstatements="0" conditionals="0" coveredconditionals="0" methods="0" coveredmethods="0"/>
      </file>
    </package>
    <package name="util">
      <metrics statements="2" coveredstatements="2" conditionals="0" coveredconditionals="0" methods="1" coveredmethods="1"/>
      <file name="util.ts" path="/Users/littlehongman/Desktop/Rice/531/hw5-littlehongman/src/util/util.ts">
        <metrics statements="2" coveredstatements="2" conditionals="0" coveredconditionals="0" methods="1" coveredmethods="1"/>
        <line num="4" count="1" type="stmt"/>
        <line num="5" count="3" type="stmt"/>
      </file>
    </package>
  </project>
</coverage>
