{"/Users/littlehongman/Desktop/Rice/531/hw5-littlehongman/src/store/actions.ts": {"path":"/Users/littlehongman/Desktop/Rice/531/hw5-littlehongman/src/store/actions.ts","statementMap":{"0":{"start":{"line":4,"column":24},"end":{"line":4,"column":34}},"1":{"start":{"line":5,"column":21},"end":{"line":5,"column":28}},"2":{"start":{"line":6,"column":22},"end":{"line":6,"column":30}},"3":{"start":{"line":7,"column":32},"end":{"line":7,"column":50}},"4":{"start":{"line":8,"column":30},"end":{"line":8,"column":46}},"5":{"start":{"line":9,"column":26},"end":{"line":9,"column":38}},"6":{"start":{"line":10,"column":25},"end":{"line":10,"column":36}},"7":{"start":{"line":11,"column":28},"end":{"line":11,"column":42}},"8":{"start":{"line":12,"column":24},"end":{"line":12,"column":34}},"9":{"start":{"line":13,"column":31},"end":{"line":13,"column":48}},"10":{"start":{"line":15,"column":20},"end":{"line":15,"column":26}},"11":{"start":{"line":34,"column":28},"end":{"line":37,"column":2}},"12":{"start":{"line":34,"column":61},"end":{"line":37,"column":1}},"13":{"start":{"line":39,"column":21},"end":{"line":42,"column":2}},"14":{"start":{"line":39,"column":55},"end":{"line":42,"column":1}},"15":{"start":{"line":44,"column":22},"end":{"line":46,"column":2}},"16":{"start":{"line":44,"column":42},"end":{"line":46,"column":1}},"17":{"start":{"line":48,"column":30},"end":{"line":51,"column":2}},"18":{"start":{"line":48,"column":68},"end":{"line":51,"column":1}},"19":{"start":{"line":53,"column":29},"end":{"line":56,"column":2}},"20":{"start":{"line":53,"column":59},"end":{"line":56,"column":1}},"21":{"start":{"line":58,"column":25},"end":{"line":61,"column":2}},"22":{"start":{"line":58,"column":65},"end":{"line":61,"column":1}},"23":{"start":{"line":63,"column":27},"end":{"line":67,"column":2}},"24":{"start":{"line":63,"column":81},"end":{"line":67,"column":1}},"25":{"start":{"line":69,"column":23},"end":{"line":72,"column":2}},"26":{"start":{"line":69,"column":53},"end":{"line":72,"column":1}},"27":{"start":{"line":74,"column":24},"end":{"line":76,"column":2}},"28":{"start":{"line":74,"column":44},"end":{"line":76,"column":1}},"29":{"start":{"line":78,"column":30},"end":{"line":81,"column":2}},"30":{"start":{"line":78,"column":66},"end":{"line":81,"column":1}},"31":{"start":{"line":83,"column":26},"end":{"line":85,"column":2}},"32":{"start":{"line":83,"column":46},"end":{"line":85,"column":1}}},"fnMap":{"0":{"name":"(anonymous_0)","decl":{"start":{"line":34,"column":28},"end":{"line":34,"column":29}},"loc":{"start":{"line":34,"column":61},"end":{"line":37,"column":1}},"line":34},"1":{"name":"(anonymous_1)","decl":{"start":{"line":39,"column":21},"end":{"line":39,"column":22}},"loc":{"start":{"line":39,"column":55},"end":{"line":42,"column":1}},"line":39},"2":{"name":"(anonymous_2)","decl":{"start":{"line":44,"column":22},"end":{"line":44,"column":23}},"loc":{"start":{"line":44,"column":42},"end":{"line":46,"column":1}},"line":44},"3":{"name":"(anonymous_3)","decl":{"start":{"line":48,"column":30},"end":{"line":48,"column":31}},"loc":{"start":{"line":48,"column":68},"end":{"line":51,"column":1}},"line":48},"4":{"name":"(anonymous_4)","decl":{"start":{"line":53,"column":29},"end":{"line":53,"column":30}},"loc":{"start":{"line":53,"column":59},"end":{"line":56,"column":1}},"line":53},"5":{"name":"(anonymous_5)","decl":{"start":{"line":58,"column":25},"end":{"line":58,"column":26}},"loc":{"start":{"line":58,"column":65},"end":{"line":61,"column":1}},"line":58},"6":{"name":"(anonymous_6)","decl":{"start":{"line":63,"column":27},"end":{"line":63,"column":28}},"loc":{"start":{"line":63,"column":81},"end":{"line":67,"column":1}},"line":63},"7":{"name":"(anonymous_7)","decl":{"start":{"line":69,"column":23},"end":{"line":69,"column":24}},"loc":{"start":{"line":69,"column":53},"end":{"line":72,"column":1}},"line":69},"8":{"name":"(anonymous_8)","decl":{"start":{"line":74,"column":24},"end":{"line":74,"column":25}},"loc":{"start":{"line":74,"column":44},"end":{"line":76,"column":1}},"line":74},"9":{"name":"(anonymous_9)","decl":{"start":{"line":78,"column":30},"end":{"line":78,"column":31}},"loc":{"start":{"line":78,"column":66},"end":{"line":81,"column":1}},"line":78},"10":{"name":"(anonymous_10)","decl":{"start":{"line":83,"column":26},"end":{"line":83,"column":27}},"loc":{"start":{"line":83,"column":46},"end":{"line":85,"column":1}},"line":83}},"branchMap":{},"s":{"0":1,"1":1,"2":1,"3":1,"4":1,"5":1,"6":1,"7":1,"8":1,"9":1,"10":1,"11":1,"12":0,"13":1,"14":10,"15":1,"16":1,"17":1,"18":10,"19":1,"20":1,"21":1,"22":4,"23":1,"24":7,"25":1,"26":0,"27":1,"28":0,"29":1,"30":1,"31":1,"32":0},"f":{"0":0,"1":10,"2":1,"3":10,"4":1,"5":4,"6":7,"7":0,"8":0,"9":1,"10":0},"b":{},"_coverageSchema":"1a1c01bbd47fc00a2c39e90264f33305004495a9","hash":"670a5ae56e0dfb348b8fd236df70d052ccf39cb4"}
,"/Users/littlehongman/Desktop/Rice/531/hw5-littlehongman/src/store/store.ts": {"path":"/Users/littlehongman/Desktop/Rice/531/hw5-littlehongman/src/store/store.ts","statementMap":{"0":{"start":{"line":17,"column":22},"end":{"line":19,"column":1}},"1":{"start":{"line":18,"column":4},"end":{"line":18,"column":125}},"2":{"start":{"line":21,"column":23},"end":{"line":39,"column":1}},"3":{"start":{"line":22,"column":24},"end":{"line":22,"column":26}},"4":{"start":{"line":24,"column":4},"end":{"line":36,"column":7}},"5":{"start":{"line":25,"column":25},"end":{"line":32,"column":9}},"6":{"start":{"line":34,"column":8},"end":{"line":34,"column":25}},"7":{"start":{"line":38,"column":4},"end":{"line":38,"column":16}},"8":{"start":{"line":41,"column":33},"end":{"line":68,"column":1}},"9":{"start":{"line":42,"column":4},"end":{"line":67,"column":5}},"10":{"start":{"line":43,"column":31},"end":{"line":43,"column":33}},"11":{"start":{"line":45,"column":8},"end":{"line":61,"column":9}},"12":{"start":{"line":46,"column":29},"end":{"line":58,"column":13}},"13":{"start":{"line":60,"column":12},"end":{"line":60,"column":32}},"14":{"start":{"line":63,"column":8},"end":{"line":63,"column":24}},"15":{"start":{"line":66,"column":8},"end":{"line":66,"column":34}},"16":{"start":{"line":70,"column":14},"end":{"line":80,"column":1}},"17":{"start":{"line":71,"column":4},"end":{"line":73,"column":5}},"18":{"start":{"line":72,"column":8},"end":{"line":72,"column":25}},"19":{"start":{"line":75,"column":36},"end":{"line":75,"column":51}},"20":{"start":{"line":76,"column":4},"end":{"line":76,"column":32}},"21":{"start":{"line":77,"column":4},"end":{"line":77,"column":33}},"22":{"start":{"line":79,"column":4},"end":{"line":79,"column":25}},"23":{"start":{"line":84,"column":22},"end":{"line":90,"column":1}},"24":{"start":{"line":85,"column":19},"end":{"line":85,"column":29}},"25":{"start":{"line":87,"column":4},"end":{"line":87,"column":32}},"26":{"start":{"line":89,"column":4},"end":{"line":89,"column":19}},"27":{"start":{"line":102,"column":22},"end":{"line":116,"column":1}},"28":{"start":{"line":103,"column":27},"end":{"line":103,"column":37}},"29":{"start":{"line":104,"column":30},"end":{"line":104,"column":77}},"30":{"start":{"line":104,"column":51},"end":{"line":104,"column":76}},"31":{"start":{"line":106,"column":4},"end":{"line":108,"column":5}},"32":{"start":{"line":107,"column":8},"end":{"line":107,"column":23}},"33":{"start":{"line":110,"column":4},"end":{"line":112,"column":5}},"34":{"start":{"line":111,"column":8},"end":{"line":111,"column":50}},"35":{"start":{"line":115,"column":4},"end":{"line":115,"column":20}},"36":{"start":{"line":118,"column":23},"end":{"line":123,"column":1}},"37":{"start":{"line":119,"column":27},"end":{"line":119,"column":37}},"38":{"start":{"line":120,"column":4},"end":{"line":120,"column":41}},"39":{"start":{"line":122,"column":4},"end":{"line":122,"column":20}},"40":{"start":{"line":126,"column":21},"end":{"line":131,"column":1}},"41":{"start":{"line":127,"column":4},"end":{"line":128,"column":20}},"42":{"start":{"line":128,"column":8},"end":{"line":128,"column":20}},"43":{"start":{"line":130,"column":4},"end":{"line":130,"column":16}},"44":{"start":{"line":153,"column":4},"end":{"line":241,"column":5}},"45":{"start":{"line":155,"column":12},"end":{"line":159,"column":13}},"46":{"start":{"line":162,"column":12},"end":{"line":165,"column":13}},"47":{"start":{"line":168,"column":12},"end":{"line":171,"column":13}},"48":{"start":{"line":174,"column":12},"end":{"line":178,"column":13}},"49":{"start":{"line":181,"column":12},"end":{"line":184,"column":13}},"50":{"start":{"line":188,"column":29},"end":{"line":188,"column":59}},"51":{"start":{"line":191,"column":12},"end":{"line":198,"column":13}},"52":{"start":{"line":201,"column":38},"end":{"line":201,"column":78}},"53":{"start":{"line":201,"column":64},"end":{"line":201,"column":77}},"54":{"start":{"line":202,"column":26},"end":{"line":202,"column":73}},"55":{"start":{"line":203,"column":26},"end":{"line":203,"column":40}},"56":{"start":{"line":204,"column":39},"end":{"line":204,"column":41}},"57":{"start":{"line":206,"column":12},"end":{"line":208,"column":13}},"58":{"start":{"line":207,"column":16},"end":{"line":207,"column":132}},"59":{"start":{"line":207,"column":60},"end":{"line":207,"column":89}},"60":{"start":{"line":207,"column":106},"end":{"line":207,"column":131}},"61":{"start":{"line":210,"column":12},"end":{"line":212,"column":13}},"62":{"start":{"line":211,"column":16},"end":{"line":211,"column":147}},"63":{"start":{"line":211,"column":61},"end":{"line":211,"column":146}},"64":{"start":{"line":214,"column":12},"end":{"line":217,"column":13}},"65":{"start":{"line":220,"column":12},"end":{"line":223,"column":13}},"66":{"start":{"line":226,"column":12},"end":{"line":229,"column":13}},"67":{"start":{"line":238,"column":12},"end":{"line":238,"column":24}},"68":{"start":{"line":245,"column":22},"end":{"line":248,"column":1}},"69":{"start":{"line":250,"column":32},"end":{"line":250,"column":73}},"70":{"start":{"line":252,"column":21},"end":{"line":256,"column":2}},"71":{"start":{"line":258,"column":25},"end":{"line":258,"column":44}}},"fnMap":{"0":{"name":"(anonymous_0)","decl":{"start":{"line":17,"column":22},"end":{"line":17,"column":23}},"loc":{"start":{"line":17,"column":36},"end":{"line":19,"column":1}},"line":17},"1":{"name":"(anonymous_1)","decl":{"start":{"line":21,"column":23},"end":{"line":21,"column":24}},"loc":{"start":{"line":21,"column":55},"end":{"line":39,"column":1}},"line":21},"2":{"name":"(anonymous_2)","decl":{"start":{"line":24,"column":21},"end":{"line":24,"column":22}},"loc":{"start":{"line":24,"column":44},"end":{"line":36,"column":5}},"line":24},"3":{"name":"(anonymous_3)","decl":{"start":{"line":41,"column":33},"end":{"line":41,"column":34}},"loc":{"start":{"line":41,"column":85},"end":{"line":68,"column":1}},"line":41},"4":{"name":"(anonymous_4)","decl":{"start":{"line":70,"column":14},"end":{"line":70,"column":15}},"loc":{"start":{"line":70,"column":78},"end":{"line":80,"column":1}},"line":70},"5":{"name":"(anonymous_5)","decl":{"start":{"line":84,"column":22},"end":{"line":84,"column":23}},"loc":{"start":{"line":84,"column":61},"end":{"line":90,"column":1}},"line":84},"6":{"name":"(anonymous_6)","decl":{"start":{"line":102,"column":22},"end":{"line":102,"column":23}},"loc":{"start":{"line":102,"column":64},"end":{"line":116,"column":1}},"line":102},"7":{"name":"(anonymous_7)","decl":{"start":{"line":104,"column":41},"end":{"line":104,"column":42}},"loc":{"start":{"line":104,"column":51},"end":{"line":104,"column":76}},"line":104},"8":{"name":"(anonymous_8)","decl":{"start":{"line":118,"column":23},"end":{"line":118,"column":24}},"loc":{"start":{"line":118,"column":84},"end":{"line":123,"column":1}},"line":118},"9":{"name":"(anonymous_9)","decl":{"start":{"line":126,"column":21},"end":{"line":126,"column":22}},"loc":{"start":{"line":126,"column":67},"end":{"line":131,"column":1}},"line":126},"10":{"name":"AppReducer","decl":{"start":{"line":139,"column":9},"end":{"line":139,"column":19}},"loc":{"start":{"line":152,"column":1},"end":{"line":242,"column":1}},"line":152},"11":{"name":"(anonymous_11)","decl":{"start":{"line":201,"column":54},"end":{"line":201,"column":55}},"loc":{"start":{"line":201,"column":64},"end":{"line":201,"column":77}},"line":201},"12":{"name":"(anonymous_12)","decl":{"start":{"line":207,"column":50},"end":{"line":207,"column":51}},"loc":{"start":{"line":207,"column":60},"end":{"line":207,"column":89}},"line":207},"13":{"name":"(anonymous_13)","decl":{"start":{"line":207,"column":96},"end":{"line":207,"column":97}},"loc":{"start":{"line":207,"column":106},"end":{"line":207,"column":131}},"line":207},"14":{"name":"(anonymous_14)","decl":{"start":{"line":211,"column":51},"end":{"line":211,"column":52}},"loc":{"start":{"line":211,"column":61},"end":{"line":211,"column":146}},"line":211}},"branchMap":{"0":{"loc":{"start":{"line":42,"column":4},"end":{"line":67,"column":5}},"type":"if","locations":[{"start":{"line":42,"column":4},"end":{"line":67,"column":5}},{"start":{"line":65,"column":8},"end":{"line":67,"column":5}}],"line":42},"1":{"loc":{"start":{"line":71,"column":4},"end":{"line":73,"column":5}},"type":"if","locations":[{"start":{"line":71,"column":4},"end":{"line":73,"column":5}},{"start":{},"end":{}}],"line":71},"2":{"loc":{"start":{"line":71,"column":8},"end":{"line":71,"column":42}},"type":"binary-expr","locations":[{"start":{"line":71,"column":8},"end":{"line":71,"column":28}},{"start":{"line":71,"column":32},"end":{"line":71,"column":42}}],"line":71},"3":{"loc":{"start":{"line":127,"column":4},"end":{"line":128,"column":20}},"type":"if","locations":[{"start":{"line":127,"column":4},"end":{"line":128,"column":20}},{"start":{},"end":{}}],"line":127},"4":{"loc":{"start":{"line":140,"column":4},"end":{"line":150,"column":5}},"type":"default-arg","locations":[{"start":{"line":140,"column":22},"end":{"line":150,"column":5}}],"line":140},"5":{"loc":{"start":{"line":153,"column":4},"end":{"line":241,"column":5}},"type":"switch","locations":[{"start":{"line":154,"column":8},"end":{"line":159,"column":13}},{"start":{"line":161,"column":8},"end":{"line":165,"column":13}},{"start":{"line":167,"column":8},"end":{"line":171,"column":13}},{"start":{"line":173,"column":8},"end":{"line":178,"column":13}},{"start":{"line":180,"column":8},"end":{"line":184,"column":13}},{"start":{"line":186,"column":8},"end":{"line":198,"column":13}},{"start":{"line":200,"column":8},"end":{"line":217,"column":13}},{"start":{"line":219,"column":8},"end":{"line":223,"column":13}},{"start":{"line":225,"column":8},"end":{"line":229,"column":13}},{"start":{"line":237,"column":8},"end":{"line":238,"column":24}}],"line":153},"6":{"loc":{"start":{"line":206,"column":12},"end":{"line":208,"column":13}},"type":"if","locations":[{"start":{"line":206,"column":12},"end":{"line":208,"column":13}},{"start":{},"end":{}}],"line":206},"7":{"loc":{"start":{"line":210,"column":12},"end":{"line":212,"column":13}},"type":"if","locations":[{"start":{"line":210,"column":12},"end":{"line":212,"column":13}},{"start":{},"end":{}}],"line":210},"8":{"loc":{"start":{"line":211,"column":61},"end":{"line":211,"column":146}},"type":"binary-expr","locations":[{"start":{"line":211,"column":61},"end":{"line":211,"column":93}},{"start":{"line":211,"column":97},"end":{"line":211,"column":146}}],"line":211}},"s":{"0":1,"1":400,"2":1,"3":4,"4":4,"5":400,"6":400,"7":4,"8":1,"9":13,"10":13,"11":13,"12":130,"13":130,"14":13,"15":0,"16":1,"17":10,"18":1,"19":9,"20":9,"21":9,"22":9,"23":1,"24":1,"25":1,"26":1,"27":1,"28":4,"29":4,"30":2144,"31":4,"32":40,"33":4,"34":400,"35":4,"36":1,"37":1,"38":1,"39":1,"40":1,"41":80,"42":10,"43":70,"44":37,"45":0,"46":10,"47":1,"48":10,"49":1,"50":4,"51":4,"52":7,"53":70,"54":7,"55":7,"56":7,"57":7,"58":7,"59":700,"60":273,"61":7,"62":1,"63":40,"64":7,"65":0,"66":1,"67":3,"68":1,"69":1,"70":1,"71":1},"f":{"0":400,"1":4,"2":400,"3":13,"4":10,"5":1,"6":4,"7":2144,"8":1,"9":80,"10":37,"11":70,"12":700,"13":273,"14":40},"b":{"0":[13,0],"1":[1,9],"2":[10,9],"3":[10,70],"4":[11],"5":[0,10,1,10,1,4,7,0,1,3],"6":[7,0],"7":[1,6],"8":[40,40]},"_coverageSchema":"1a1c01bbd47fc00a2c39e90264f33305004495a9","hash":"da1f29b584887ef25a2ecbc8250c47db0d390fcc"}
,"/Users/littlehongman/Desktop/Rice/531/hw5-littlehongman/src/store/types.ts": {"path":"/Users/littlehongman/Desktop/Rice/531/hw5-littlehongman/src/store/types.ts","statementMap":{},"fnMap":{},"branchMap":{},"s":{},"f":{},"b":{}}
}
