{"/Users/littlehongman/Desktop/Rice/531/hw5-littlehongman/src/store/actions.ts": {"path":"/Users/littlehongman/Desktop/Rice/531/hw5-littlehongman/src/store/actions.ts","statementMap":{"0":{"start":{"line":4,"column":24},"end":{"line":4,"column":34}},"1":{"start":{"line":5,"column":21},"end":{"line":5,"column":28}},"2":{"start":{"line":6,"column":22},"end":{"line":6,"column":30}},"3":{"start":{"line":7,"column":32},"end":{"line":7,"column":50}},"4":{"start":{"line":8,"column":30},"end":{"line":8,"column":46}},"5":{"start":{"line":9,"column":26},"end":{"line":9,"column":38}},"6":{"start":{"line":10,"column":25},"end":{"line":10,"column":36}},"7":{"start":{"line":11,"column":28},"end":{"line":11,"column":42}},"8":{"start":{"line":12,"column":31},"end":{"line":12,"column":48}},"9":{"start":{"line":14,"column":20},"end":{"line":14,"column":26}},"10":{"start":{"line":32,"column":28},"end":{"line":35,"column":2}},"11":{"start":{"line":32,"column":61},"end":{"line":35,"column":1}},"12":{"start":{"line":37,"column":21},"end":{"line":40,"column":2}},"13":{"start":{"line":37,"column":55},"end":{"line":40,"column":1}},"14":{"start":{"line":42,"column":22},"end":{"line":44,"column":2}},"15":{"start":{"line":42,"column":42},"end":{"line":44,"column":1}},"16":{"start":{"line":46,"column":30},"end":{"line":49,"column":2}},"17":{"start":{"line":46,"column":68},"end":{"line":49,"column":1}},"18":{"start":{"line":51,"column":29},"end":{"line":54,"column":2}},"19":{"start":{"line":51,"column":59},"end":{"line":54,"column":1}},"20":{"start":{"line":56,"column":25},"end":{"line":59,"column":2}},"21":{"start":{"line":56,"column":65},"end":{"line":59,"column":1}},"22":{"start":{"line":61,"column":27},"end":{"line":65,"column":2}},"23":{"start":{"line":61,"column":81},"end":{"line":65,"column":1}},"24":{"start":{"line":67,"column":24},"end":{"line":69,"column":2}},"25":{"start":{"line":67,"column":44},"end":{"line":69,"column":1}},"26":{"start":{"line":71,"column":30},"end":{"line":74,"column":2}},"27":{"start":{"line":71,"column":66},"end":{"line":74,"column":1}},"28":{"start":{"line":76,"column":26},"end":{"line":78,"column":2}},"29":{"start":{"line":76,"column":46},"end":{"line":78,"column":1}}},"fnMap":{"0":{"name":"(anonymous_0)","decl":{"start":{"line":32,"column":28},"end":{"line":32,"column":29}},"loc":{"start":{"line":32,"column":61},"end":{"line":35,"column":1}},"line":32},"1":{"name":"(anonymous_1)","decl":{"start":{"line":37,"column":21},"end":{"line":37,"column":22}},"loc":{"start":{"line":37,"column":55},"end":{"line":40,"column":1}},"line":37},"2":{"name":"(anonymous_2)","decl":{"start":{"line":42,"column":22},"end":{"line":42,"column":23}},"loc":{"start":{"line":42,"column":42},"end":{"line":44,"column":1}},"line":42},"3":{"name":"(anonymous_3)","decl":{"start":{"line":46,"column":30},"end":{"line":46,"column":31}},"loc":{"start":{"line":46,"column":68},"end":{"line":49,"column":1}},"line":46},"4":{"name":"(anonymous_4)","decl":{"start":{"line":51,"column":29},"end":{"line":51,"column":30}},"loc":{"start":{"line":51,"column":59},"end":{"line":54,"column":1}},"line":51},"5":{"name":"(anonymous_5)","decl":{"start":{"line":56,"column":25},"end":{"line":56,"column":26}},"loc":{"start":{"line":56,"column":65},"end":{"line":59,"column":1}},"line":56},"6":{"name":"(anonymous_6)","decl":{"start":{"line":61,"column":27},"end":{"line":61,"column":28}},"loc":{"start":{"line":61,"column":81},"end":{"line":65,"column":1}},"line":61},"7":{"name":"(anonymous_7)","decl":{"start":{"line":67,"column":24},"end":{"line":67,"column":25}},"loc":{"start":{"line":67,"column":44},"end":{"line":69,"column":1}},"line":67},"8":{"name":"(anonymous_8)","decl":{"start":{"line":71,"column":30},"end":{"line":71,"column":31}},"loc":{"start":{"line":71,"column":66},"end":{"line":74,"column":1}},"line":71},"9":{"name":"(anonymous_9)","decl":{"start":{"line":76,"column":26},"end":{"line":76,"column":27}},"loc":{"start":{"line":76,"column":46},"end":{"line":78,"column":1}},"line":76}},"branchMap":{},"s":{"0":1,"1":1,"2":1,"3":1,"4":1,"5":1,"6":1,"7":1,"8":1,"9":1,"10":1,"11":0,"12":1,"13":8,"14":1,"15":1,"16":1,"17":8,"18":1,"19":0,"20":1,"21":4,"22":1,"23":7,"24":1,"25":0,"26":1,"27":0,"28":1,"29":0},"f":{"0":0,"1":8,"2":1,"3":8,"4":0,"5":4,"6":7,"7":0,"8":0,"9":0},"b":{},"_coverageSchema":"1a1c01bbd47fc00a2c39e90264f33305004495a9","hash":"e4040eebc0eb8d8f37d609c102d87b86732b8c19"}
,"/Users/littlehongman/Desktop/Rice/531/hw5-littlehongman/src/store/store.ts": {"path":"/Users/littlehongman/Desktop/Rice/531/hw5-littlehongman/src/store/store.ts","statementMap":{"0":{"start":{"line":17,"column":22},"end":{"line":19,"column":1}},"1":{"start":{"line":18,"column":4},"end":{"line":18,"column":125}},"2":{"start":{"line":21,"column":23},"end":{"line":39,"column":1}},"3":{"start":{"line":22,"column":24},"end":{"line":22,"column":26}},"4":{"start":{"line":24,"column":4},"end":{"line":36,"column":7}},"5":{"start":{"line":25,"column":25},"end":{"line":32,"column":9}},"6":{"start":{"line":34,"column":8},"end":{"line":34,"column":25}},"7":{"start":{"line":38,"column":4},"end":{"line":38,"column":16}},"8":{"start":{"line":41,"column":33},"end":{"line":68,"column":1}},"9":{"start":{"line":42,"column":4},"end":{"line":67,"column":5}},"10":{"start":{"line":43,"column":31},"end":{"line":43,"column":33}},"11":{"start":{"line":45,"column":8},"end":{"line":61,"column":9}},"12":{"start":{"line":46,"column":29},"end":{"line":58,"column":13}},"13":{"start":{"line":60,"column":12},"end":{"line":60,"column":32}},"14":{"start":{"line":63,"column":8},"end":{"line":63,"column":24}},"15":{"start":{"line":66,"column":8},"end":{"line":66,"column":34}},"16":{"start":{"line":70,"column":14},"end":{"line":80,"column":1}},"17":{"start":{"line":71,"column":4},"end":{"line":73,"column":5}},"18":{"start":{"line":72,"column":8},"end":{"line":72,"column":25}},"19":{"start":{"line":75,"column":36},"end":{"line":75,"column":51}},"20":{"start":{"line":76,"column":4},"end":{"line":76,"column":32}},"21":{"start":{"line":77,"column":4},"end":{"line":77,"column":33}},"22":{"start":{"line":79,"column":4},"end":{"line":79,"column":25}},"23":{"start":{"line":84,"column":22},"end":{"line":90,"column":1}},"24":{"start":{"line":85,"column":19},"end":{"line":85,"column":29}},"25":{"start":{"line":87,"column":4},"end":{"line":87,"column":32}},"26":{"start":{"line":89,"column":4},"end":{"line":89,"column":19}},"27":{"start":{"line":102,"column":22},"end":{"line":116,"column":1}},"28":{"start":{"line":103,"column":27},"end":{"line":103,"column":37}},"29":{"start":{"line":104,"column":30},"end":{"line":104,"column":77}},"30":{"start":{"line":104,"column":51},"end":{"line":104,"column":76}},"31":{"start":{"line":106,"column":4},"end":{"line":108,"column":5}},"32":{"start":{"line":107,"column":8},"end":{"line":107,"column":23}},"33":{"start":{"line":110,"column":4},"end":{"line":112,"column":5}},"34":{"start":{"line":111,"column":8},"end":{"line":111,"column":50}},"35":{"start":{"line":113,"column":4},"end":{"line":113,"column":26}},"36":{"start":{"line":115,"column":4},"end":{"line":115,"column":20}},"37":{"start":{"line":118,"column":23},"end":{"line":123,"column":1}},"38":{"start":{"line":119,"column":27},"end":{"line":119,"column":37}},"39":{"start":{"line":120,"column":4},"end":{"line":120,"column":41}},"40":{"start":{"line":122,"column":4},"end":{"line":122,"column":20}},"41":{"start":{"line":126,"column":21},"end":{"line":131,"column":1}},"42":{"start":{"line":127,"column":4},"end":{"line":128,"column":20}},"43":{"start":{"line":128,"column":8},"end":{"line":128,"column":20}},"44":{"start":{"line":130,"column":4},"end":{"line":130,"column":16}},"45":{"start":{"line":153,"column":4},"end":{"line":235,"column":5}},"46":{"start":{"line":155,"column":12},"end":{"line":159,"column":13}},"47":{"start":{"line":162,"column":12},"end":{"line":165,"column":13}},"48":{"start":{"line":168,"column":12},"end":{"line":171,"column":13}},"49":{"start":{"line":174,"column":12},"end":{"line":178,"column":13}},"50":{"start":{"line":181,"column":12},"end":{"line":185,"column":13}},"51":{"start":{"line":189,"column":29},"end":{"line":189,"column":59}},"52":{"start":{"line":192,"column":12},"end":{"line":198,"column":13}},"53":{"start":{"line":201,"column":30},"end":{"line":201,"column":44}},"54":{"start":{"line":202,"column":26},"end":{"line":202,"column":40}},"55":{"start":{"line":203,"column":39},"end":{"line":203,"column":41}},"56":{"start":{"line":204,"column":38},"end":{"line":204,"column":78}},"57":{"start":{"line":204,"column":64},"end":{"line":204,"column":77}},"58":{"start":{"line":206,"column":12},"end":{"line":208,"column":13}},"59":{"start":{"line":207,"column":16},"end":{"line":207,"column":136}},"60":{"start":{"line":207,"column":60},"end":{"line":207,"column":93}},"61":{"start":{"line":207,"column":110},"end":{"line":207,"column":135}},"62":{"start":{"line":210,"column":12},"end":{"line":212,"column":13}},"63":{"start":{"line":211,"column":16},"end":{"line":211,"column":147}},"64":{"start":{"line":211,"column":61},"end":{"line":211,"column":146}},"65":{"start":{"line":214,"column":12},"end":{"line":217,"column":13}},"66":{"start":{"line":220,"column":12},"end":{"line":223,"column":13}},"67":{"start":{"line":232,"column":12},"end":{"line":232,"column":24}},"68":{"start":{"line":239,"column":22},"end":{"line":242,"column":1}},"69":{"start":{"line":244,"column":32},"end":{"line":244,"column":73}},"70":{"start":{"line":246,"column":21},"end":{"line":250,"column":2}},"71":{"start":{"line":252,"column":25},"end":{"line":252,"column":44}}},"fnMap":{"0":{"name":"(anonymous_0)","decl":{"start":{"line":17,"column":22},"end":{"line":17,"column":23}},"loc":{"start":{"line":17,"column":36},"end":{"line":19,"column":1}},"line":17},"1":{"name":"(anonymous_1)","decl":{"start":{"line":21,"column":23},"end":{"line":21,"column":24}},"loc":{"start":{"line":21,"column":55},"end":{"line":39,"column":1}},"line":21},"2":{"name":"(anonymous_2)","decl":{"start":{"line":24,"column":21},"end":{"line":24,"column":22}},"loc":{"start":{"line":24,"column":44},"end":{"line":36,"column":5}},"line":24},"3":{"name":"(anonymous_3)","decl":{"start":{"line":41,"column":33},"end":{"line":41,"column":34}},"loc":{"start":{"line":41,"column":85},"end":{"line":68,"column":1}},"line":41},"4":{"name":"(anonymous_4)","decl":{"start":{"line":70,"column":14},"end":{"line":70,"column":15}},"loc":{"start":{"line":70,"column":78},"end":{"line":80,"column":1}},"line":70},"5":{"name":"(anonymous_5)","decl":{"start":{"line":84,"column":22},"end":{"line":84,"column":23}},"loc":{"start":{"line":84,"column":61},"end":{"line":90,"column":1}},"line":84},"6":{"name":"(anonymous_6)","decl":{"start":{"line":102,"column":22},"end":{"line":102,"column":23}},"loc":{"start":{"line":102,"column":64},"end":{"line":116,"column":1}},"line":102},"7":{"name":"(anonymous_7)","decl":{"start":{"line":104,"column":41},"end":{"line":104,"column":42}},"loc":{"start":{"line":104,"column":51},"end":{"line":104,"column":76}},"line":104},"8":{"name":"(anonymous_8)","decl":{"start":{"line":118,"column":23},"end":{"line":118,"column":24}},"loc":{"start":{"line":118,"column":84},"end":{"line":123,"column":1}},"line":118},"9":{"name":"(anonymous_9)","decl":{"start":{"line":126,"column":21},"end":{"line":126,"column":22}},"loc":{"start":{"line":126,"column":67},"end":{"line":131,"column":1}},"line":126},"10":{"name":"AppReducer","decl":{"start":{"line":139,"column":9},"end":{"line":139,"column":19}},"loc":{"start":{"line":152,"column":1},"end":{"line":236,"column":1}},"line":152},"11":{"name":"(anonymous_11)","decl":{"start":{"line":204,"column":54},"end":{"line":204,"column":55}},"loc":{"start":{"line":204,"column":64},"end":{"line":204,"column":77}},"line":204},"12":{"name":"(anonymous_12)","decl":{"start":{"line":207,"column":50},"end":{"line":207,"column":51}},"loc":{"start":{"line":207,"column":60},"end":{"line":207,"column":93}},"line":207},"13":{"name":"(anonymous_13)","decl":{"start":{"line":207,"column":100},"end":{"line":207,"column":101}},"loc":{"start":{"line":207,"column":110},"end":{"line":207,"column":135}},"line":207},"14":{"name":"(anonymous_14)","decl":{"start":{"line":211,"column":51},"end":{"line":211,"column":52}},"loc":{"start":{"line":211,"column":61},"end":{"line":211,"column":146}},"line":211}},"branchMap":{"0":{"loc":{"start":{"line":42,"column":4},"end":{"line":67,"column":5}},"type":"if","locations":[{"start":{"line":42,"column":4},"end":{"line":67,"column":5}},{"start":{"line":65,"column":8},"end":{"line":67,"column":5}}],"line":42},"1":{"loc":{"start":{"line":71,"column":4},"end":{"line":73,"column":5}},"type":"if","locations":[{"start":{"line":71,"column":4},"end":{"line":73,"column":5}},{"start":{},"end":{}}],"line":71},"2":{"loc":{"start":{"line":71,"column":8},"end":{"line":71,"column":42}},"type":"binary-expr","locations":[{"start":{"line":71,"column":8},"end":{"line":71,"column":28}},{"start":{"line":71,"column":32},"end":{"line":71,"column":42}}],"line":71},"3":{"loc":{"start":{"line":127,"column":4},"end":{"line":128,"column":20}},"type":"if","locations":[{"start":{"line":127,"column":4},"end":{"line":128,"column":20}},{"start":{},"end":{}}],"line":127},"4":{"loc":{"start":{"line":140,"column":4},"end":{"line":150,"column":5}},"type":"default-arg","locations":[{"start":{"line":140,"column":22},"end":{"line":150,"column":5}}],"line":140},"5":{"loc":{"start":{"line":153,"column":4},"end":{"line":235,"column":5}},"type":"switch","locations":[{"start":{"line":154,"column":8},"end":{"line":159,"column":13}},{"start":{"line":161,"column":8},"end":{"line":165,"column":13}},{"start":{"line":167,"column":8},"end":{"line":171,"column":13}},{"start":{"line":173,"column":8},"end":{"line":178,"column":13}},{"start":{"line":180,"column":8},"end":{"line":185,"column":13}},{"start":{"line":187,"column":8},"end":{"line":198,"column":13}},{"start":{"line":200,"column":8},"end":{"line":217,"column":13}},{"start":{"line":219,"column":8},"end":{"line":223,"column":13}},{"start":{"line":231,"column":8},"end":{"line":232,"column":24}}],"line":153},"6":{"loc":{"start":{"line":206,"column":12},"end":{"line":208,"column":13}},"type":"if","locations":[{"start":{"line":206,"column":12},"end":{"line":208,"column":13}},{"start":{},"end":{}}],"line":206},"7":{"loc":{"start":{"line":210,"column":12},"end":{"line":212,"column":13}},"type":"if","locations":[{"start":{"line":210,"column":12},"end":{"line":212,"column":13}},{"start":{},"end":{}}],"line":210},"8":{"loc":{"start":{"line":211,"column":61},"end":{"line":211,"column":146}},"type":"binary-expr","locations":[{"start":{"line":211,"column":61},"end":{"line":211,"column":93}},{"start":{"line":211,"column":97},"end":{"line":211,"column":146}}],"line":211}},"s":{"0":1,"1":400,"2":1,"3":4,"4":4,"5":400,"6":400,"7":4,"8":1,"9":11,"10":11,"11":11,"12":110,"13":110,"14":11,"15":0,"16":1,"17":8,"18":1,"19":7,"20":7,"21":7,"22":7,"23":1,"24":0,"25":0,"26":0,"27":1,"28":4,"29":4,"30":2133,"31":4,"32":40,"33":4,"34":400,"35":4,"36":4,"37":1,"38":0,"39":0,"40":0,"41":1,"42":60,"43":10,"44":50,"45":31,"46":0,"47":8,"48":1,"49":8,"50":0,"51":4,"52":4,"53":7,"54":7,"55":7,"56":7,"57":70,"58":7,"59":7,"60":700,"61":203,"62":7,"63":1,"64":30,"65":7,"66":0,"67":3,"68":1,"69":1,"70":1,"71":1},"f":{"0":400,"1":4,"2":400,"3":11,"4":8,"5":0,"6":4,"7":2133,"8":0,"9":60,"10":31,"11":70,"12":700,"13":203,"14":30},"b":{"0":[11,0],"1":[1,7],"2":[8,7],"3":[10,50],"4":[9],"5":[0,8,1,8,0,4,7,0,3],"6":[7,0],"7":[1,6],"8":[30,30]},"_coverageSchema":"1a1c01bbd47fc00a2c39e90264f33305004495a9","hash":"6d1eeef8db5225d86114eb01690fe76987bceda7"}
,"/Users/littlehongman/Desktop/Rice/531/hw5-littlehongman/src/store/types.ts": {"path":"/Users/littlehongman/Desktop/Rice/531/hw5-littlehongman/src/store/types.ts","statementMap":{},"fnMap":{},"branchMap":{},"s":{},"f":{},"b":{}}
}
