TN:
SF:src/auth/auth.tsx
FN:10,(anonymous_0)
FN:11,(anonymous_1)
FN:16,(anonymous_2)
FN:18,(anonymous_3)
FN:21,(anonymous_4)
FNF:5
FNH:0
FNDA:0,(anonymous_0)
FNDA:0,(anonymous_1)
FNDA:0,(anonymous_2)
FNDA:0,(anonymous_3)
FNDA:0,(anonymous_4)
DA:10,0
DA:11,0
DA:13,0
DA:16,0
DA:18,0
DA:19,0
DA:21,0
DA:22,0
DA:28,0
LF:9
LH:0
BRF:0
BRH:0
end_of_record
TN:
SF:src/store/actions.ts
FN:29,(anonymous_0)
FN:34,(anonymous_1)
FN:39,(anonymous_2)
FN:43,(anonymous_3)
FN:48,(anonymous_4)
FN:53,(anonymous_5)
FN:58,(anonymous_6)
FN:62,(anonymous_7)
FN:67,(anonymous_8)
FNF:9
FNH:4
FNDA:0,(anonymous_0)
FNDA:5,(anonymous_1)
FNDA:1,(anonymous_2)
FNDA:5,(anonymous_3)
FNDA:0,(anonymous_4)
FNDA:1,(anonymous_5)
FNDA:0,(anonymous_6)
FNDA:0,(anonymous_7)
FNDA:0,(anonymous_8)
DA:4,1
DA:5,1
DA:6,1
DA:7,1
DA:8,1
DA:9,1
DA:10,1
DA:11,1
DA:13,1
DA:29,1
DA:34,5
DA:39,1
DA:43,5
DA:48,1
DA:53,1
DA:58,1
DA:62,1
DA:67,1
LF:18
LH:18
BRF:0
BRH:0
end_of_record
TN:
SF:src/store/store.ts
FN:17,(anonymous_0)
FN:21,(anonymous_1)
FN:24,(anonymous_2)
FN:41,(anonymous_3)
FN:70,(anonymous_4)
FN:97,(anonymous_5)
FN:115,(anonymous_6)
FN:117,(anonymous_7)
FN:131,(anonymous_8)
FN:144,AppReducer
FNF:10
FNH:8
FNDA:100,(anonymous_0)
FNDA:1,(anonymous_1)
FNDA:100,(anonymous_2)
FNDA:8,(anonymous_3)
FNDA:5,(anonymous_4)
FNDA:0,(anonymous_5)
FNDA:1,(anonymous_6)
FNDA:533,(anonymous_7)
FNDA:0,(anonymous_8)
FNDA:15,AppReducer
DA:17,1
DA:18,100
DA:21,1
DA:22,1
DA:24,1
DA:25,100
DA:34,100
DA:38,1
DA:41,1
DA:42,8
DA:43,8
DA:45,8
DA:46,80
DA:60,80
DA:63,8
DA:66,0
DA:70,1
DA:71,5
DA:72,1
DA:75,4
DA:76,4
DA:77,4
DA:79,4
DA:97,1
DA:98,0
DA:100,0
DA:102,0
DA:115,1
DA:116,1
DA:117,533
DA:119,1
DA:120,10
DA:123,1
DA:124,100
DA:126,1
DA:128,1
DA:131,1
DA:132,0
DA:133,0
DA:135,0
DA:157,15
DA:159,0
DA:166,5
DA:172,1
DA:178,5
DA:185,0
DA:192,1
DA:194,1
DA:202,0
DA:219,3
DA:226,1
DA:231,1
DA:233,1
DA:239,1
LF:54
LH:44
BRDA:42,0,0,8
BRDA:42,0,1,0
BRDA:71,1,0,1
BRDA:71,1,1,4
BRDA:71,2,0,5
BRDA:71,2,1,4
BRDA:145,3,0,6
BRDA:157,4,0,0
BRDA:157,4,1,5
BRDA:157,4,2,1
BRDA:157,4,3,5
BRDA:157,4,4,0
BRDA:157,4,5,1
BRDA:157,4,6,0
BRDA:157,4,7,3
BRF:15
BRH:11
end_of_record
TN:
SF:src/util/util.ts
FN:4,(anonymous_0)
FNF:1
FNH:1
FNDA:1,(anonymous_0)
DA:4,1
DA:5,1
LF:2
LH:2
BRF:0
BRH:0
end_of_record
