TN:
SF:src/store/actions.ts
FN:32,(anonymous_0)
FN:37,(anonymous_1)
FN:42,(anonymous_2)
FN:46,(anonymous_3)
FN:51,(anonymous_4)
FN:56,(anonymous_5)
FN:61,(anonymous_6)
FN:67,(anonymous_7)
FN:71,(anonymous_8)
FN:76,(anonymous_9)
FNF:10
FNH:5
FNDA:0,(anonymous_0)
FNDA:8,(anonymous_1)
FNDA:1,(anonymous_2)
FNDA:8,(anonymous_3)
FNDA:0,(anonymous_4)
FNDA:4,(anonymous_5)
FNDA:7,(anonymous_6)
FNDA:0,(anonymous_7)
FNDA:0,(anonymous_8)
FNDA:0,(anonymous_9)
DA:4,1
DA:5,1
DA:6,1
DA:7,1
DA:8,1
DA:9,1
DA:10,1
DA:11,1
DA:12,1
DA:14,1
DA:32,1
DA:37,8
DA:42,1
DA:46,8
DA:51,1
DA:56,4
DA:61,7
DA:67,1
DA:71,1
DA:76,1
LF:20
LH:20
BRF:0
BRH:0
end_of_record
TN:
SF:src/store/store.ts
FN:17,(anonymous_0)
FN:21,(anonymous_1)
FN:24,(anonymous_2)
FN:41,(anonymous_3)
FN:70,(anonymous_4)
FN:84,(anonymous_5)
FN:102,(anonymous_6)
FN:104,(anonymous_7)
FN:118,(anonymous_8)
FN:126,(anonymous_9)
FN:139,AppReducer
FN:204,(anonymous_11)
FN:207,(anonymous_12)
FN:207,(anonymous_13)
FN:211,(anonymous_14)
FNF:15
FNH:13
FNDA:400,(anonymous_0)
FNDA:4,(anonymous_1)
FNDA:400,(anonymous_2)
FNDA:11,(anonymous_3)
FNDA:8,(anonymous_4)
FNDA:0,(anonymous_5)
FNDA:4,(anonymous_6)
FNDA:2133,(anonymous_7)
FNDA:0,(anonymous_8)
FNDA:60,(anonymous_9)
FNDA:31,AppReducer
FNDA:70,(anonymous_11)
FNDA:700,(anonymous_12)
FNDA:203,(anonymous_13)
FNDA:30,(anonymous_14)
DA:17,1
DA:18,400
DA:21,1
DA:22,4
DA:24,4
DA:25,400
DA:34,400
DA:38,4
DA:41,1
DA:42,11
DA:43,11
DA:45,11
DA:46,110
DA:60,110
DA:63,11
DA:66,0
DA:70,1
DA:71,8
DA:72,1
DA:75,7
DA:76,7
DA:77,7
DA:79,7
DA:84,1
DA:85,0
DA:87,0
DA:89,0
DA:102,1
DA:103,4
DA:104,2133
DA:106,4
DA:107,40
DA:110,4
DA:111,400
DA:113,4
DA:115,4
DA:118,1
DA:119,0
DA:120,0
DA:122,0
DA:126,1
DA:127,60
DA:128,10
DA:130,50
DA:153,31
DA:155,0
DA:162,8
DA:168,1
DA:174,8
DA:181,0
DA:189,4
DA:192,4
DA:201,7
DA:202,7
DA:203,7
DA:204,70
DA:206,7
DA:207,700
DA:210,7
DA:211,30
DA:214,7
DA:220,0
DA:232,3
DA:239,1
DA:244,1
DA:246,1
DA:252,1
LF:67
LH:57
BRDA:42,0,0,11
BRDA:42,0,1,0
BRDA:71,1,0,1
BRDA:71,1,1,7
BRDA:71,2,0,8
BRDA:71,2,1,7
BRDA:127,3,0,10
BRDA:127,3,1,50
BRDA:140,4,0,9
BRDA:153,5,0,0
BRDA:153,5,1,8
BRDA:153,5,2,1
BRDA:153,5,3,8
BRDA:153,5,4,0
BRDA:153,5,5,4
BRDA:153,5,6,7
BRDA:153,5,7,0
BRDA:153,5,8,3
BRDA:206,6,0,7
BRDA:206,6,1,0
BRDA:210,7,0,1
BRDA:210,7,1,6
BRDA:211,8,0,30
BRDA:211,8,1,30
BRF:24
BRH:19
end_of_record
TN:
SF:src/store/types.ts
FNF:0
FNH:0
LF:0
LH:0
BRF:0
BRH:0
end_of_record
